\BOOKMARK [0][-]{chapter.1}{\376\377\0001\000\040\000Q\000a\000m\000i\000n\000g\000F\000r\000a\000m\000e\000w\000o\000r\000k}{}% 1
\BOOKMARK [0][-]{chapter.2}{\376\377\0002\000\040\000H\000i\000e\000r\000a\000r\000c\000h\000i\000c\000a\000l\000\040\000I\000n\000d\000e\000x}{}% 2
\BOOKMARK [1][-]{section.2.1}{\376\377\0002\000.\0001\000\040\000C\000l\000a\000s\000s\000\040\000H\000i\000e\000r\000a\000r\000c\000h\000y}{chapter.2}% 3
\BOOKMARK [0][-]{chapter.3}{\376\377\0003\000\040\000C\000l\000a\000s\000s\000\040\000I\000n\000d\000e\000x}{}% 4
\BOOKMARK [1][-]{section.3.1}{\376\377\0003\000.\0001\000\040\000C\000l\000a\000s\000s\000\040\000L\000i\000s\000t}{chapter.3}% 5
\BOOKMARK [0][-]{chapter.4}{\376\377\0004\000\040\000F\000i\000l\000e\000\040\000I\000n\000d\000e\000x}{}% 6
\BOOKMARK [1][-]{section.4.1}{\376\377\0004\000.\0001\000\040\000F\000i\000l\000e\000\040\000L\000i\000s\000t}{chapter.4}% 7
\BOOKMARK [0][-]{chapter.5}{\376\377\0005\000\040\000C\000l\000a\000s\000s\000\040\000D\000o\000c\000u\000m\000e\000n\000t\000a\000t\000i\000o\000n}{}% 8
\BOOKMARK [1][-]{section.5.1}{\376\377\0005\000.\0001\000\040\000B\000a\000s\000e\000R\000u\000n\000\040\000C\000l\000a\000s\000s\000\040\000R\000e\000f\000e\000r\000e\000n\000c\000e}{chapter.5}% 9
\BOOKMARK [2][-]{subsection.5.1.1}{\376\377\0005\000.\0001\000.\0001\000\040\000C\000o\000n\000s\000t\000r\000u\000c\000t\000o\000r\000\040\000\046\000\040\000D\000e\000s\000t\000r\000u\000c\000t\000o\000r\000\040\000D\000o\000c\000u\000m\000e\000n\000t\000a\000t\000i\000o\000n}{section.5.1}% 10
\BOOKMARK [3][-]{subsubsection.5.1.1.1}{\376\377\0005\000.\0001\000.\0001\000.\0001\000\040\000B\000a\000s\000e\000R\000u\000n\000\050\000\051\000\040\000[\0001\000/\0002\000]}{subsection.5.1.1}% 11
\BOOKMARK [3][-]{subsubsection.5.1.1.2}{\376\377\0005\000.\0001\000.\0001\000.\0002\000\040\000B\000a\000s\000e\000R\000u\000n\000\050\000\051\000\040\000[\0002\000/\0002\000]}{subsection.5.1.1}% 12
\BOOKMARK [2][-]{subsection.5.1.2}{\376\377\0005\000.\0001\000.\0002\000\040\000M\000e\000m\000b\000e\000r\000\040\000F\000u\000n\000c\000t\000i\000o\000n\000\040\000D\000o\000c\000u\000m\000e\000n\000t\000a\000t\000i\000o\000n}{section.5.1}% 13
\BOOKMARK [3][-]{subsubsection.5.1.2.1}{\376\377\0005\000.\0001\000.\0002\000.\0001\000\040\000l\000e\000s\000s\000T\000h\000a\000n\000\050\000\051}{subsection.5.1.2}% 14
\BOOKMARK [3][-]{subsubsection.5.1.2.2}{\376\377\0005\000.\0001\000.\0002\000.\0002\000\040\000s\000e\000t\000D\000a\000t\000e\000T\000i\000m\000e\000\050\000\051}{subsection.5.1.2}% 15
\BOOKMARK [3][-]{subsubsection.5.1.2.3}{\376\377\0005\000.\0001\000.\0002\000.\0003\000\040\000s\000e\000t\000I\000d\000\050\000\051}{subsection.5.1.2}% 16
\BOOKMARK [3][-]{subsubsection.5.1.2.4}{\376\377\0005\000.\0001\000.\0002\000.\0004\000\040\000s\000e\000t\000P\000a\000t\000h\000\050\000\051}{subsection.5.1.2}% 17
\BOOKMARK [3][-]{subsubsection.5.1.2.5}{\376\377\0005\000.\0001\000.\0002\000.\0005\000\040\000s\000e\000t\000P\000l\000a\000y\000e\000r\000N\000a\000m\000e\000\050\000\051}{subsection.5.1.2}% 18
\BOOKMARK [1][-]{section.5.2}{\376\377\0005\000.\0002\000\040\000c\000o\000m\000p\000a\000r\000a\000t\000o\000r\000\040\000C\000l\000a\000s\000s\000\040\000R\000e\000f\000e\000r\000e\000n\000c\000e}{chapter.5}% 19
\BOOKMARK [1][-]{section.5.3}{\376\377\0005\000.\0003\000\040\000C\000u\000r\000s\000o\000r\000\040\000C\000l\000a\000s\000s\000\040\000R\000e\000f\000e\000r\000e\000n\000c\000e}{chapter.5}% 20
\BOOKMARK [1][-]{section.5.4}{\376\377\0005\000.\0004\000\040\000G\000a\000m\000e\000H\000i\000s\000t\000o\000r\000y\000W\000i\000d\000g\000e\000t\000\040\000C\000l\000a\000s\000s\000\040\000R\000e\000f\000e\000r\000e\000n\000c\000e}{chapter.5}% 21
\BOOKMARK [2][-]{subsection.5.4.1}{\376\377\0005\000.\0004\000.\0001\000\040\000M\000e\000m\000b\000e\000r\000\040\000F\000u\000n\000c\000t\000i\000o\000n\000\040\000D\000o\000c\000u\000m\000e\000n\000t\000a\000t\000i\000o\000n}{section.5.4}% 22
\BOOKMARK [3][-]{subsubsection.5.4.1.1}{\376\377\0005\000.\0004\000.\0001\000.\0001\000\040\000f\000i\000l\000l\000\050\000\051}{subsection.5.4.1}% 23
\BOOKMARK [1][-]{section.5.5}{\376\377\0005\000.\0005\000\040\000G\000a\000m\000e\000P\000r\000o\000f\000i\000l\000e\000\040\000C\000l\000a\000s\000s\000\040\000R\000e\000f\000e\000r\000e\000n\000c\000e}{chapter.5}% 24
\BOOKMARK [2][-]{subsection.5.5.1}{\376\377\0005\000.\0005\000.\0001\000\040\000M\000e\000m\000b\000e\000r\000\040\000F\000u\000n\000c\000t\000i\000o\000n\000\040\000D\000o\000c\000u\000m\000e\000n\000t\000a\000t\000i\000o\000n}{section.5.5}% 25
\BOOKMARK [3][-]{subsubsection.5.5.1.1}{\376\377\0005\000.\0005\000.\0001\000.\0001\000\040\000a\000d\000d\000R\000u\000n\000\050\000\051}{subsection.5.5.1}% 26
\BOOKMARK [3][-]{subsubsection.5.5.1.2}{\376\377\0005\000.\0005\000.\0001\000.\0002\000\040\000b\000u\000i\000l\000d\000\050\000\051}{subsection.5.5.1}% 27
\BOOKMARK [1][-]{section.5.6}{\376\377\0005\000.\0006\000\040\000G\000a\000m\000e\000W\000i\000n\000d\000o\000w\000\040\000C\000l\000a\000s\000s\000\040\000R\000e\000f\000e\000r\000e\000n\000c\000e}{chapter.5}% 28
\BOOKMARK [1][-]{section.5.7}{\376\377\0005\000.\0007\000\040\000J\000s\000o\000n\000I\000O\000\040\000C\000l\000a\000s\000s\000\040\000R\000e\000f\000e\000r\000e\000n\000c\000e}{chapter.5}% 29
\BOOKMARK [2][-]{subsection.5.7.1}{\376\377\0005\000.\0007\000.\0001\000\040\000M\000e\000m\000b\000e\000r\000\040\000F\000u\000n\000c\000t\000i\000o\000n\000\040\000D\000o\000c\000u\000m\000e\000n\000t\000a\000t\000i\000o\000n}{section.5.7}% 30
\BOOKMARK [3][-]{subsubsection.5.7.1.1}{\376\377\0005\000.\0007\000.\0001\000.\0001\000\040\000r\000e\000a\000d\000O\000b\000j\000e\000c\000t\000\050\000\051}{subsection.5.7.1}% 31
\BOOKMARK [3][-]{subsubsection.5.7.1.2}{\376\377\0005\000.\0007\000.\0001\000.\0002\000\040\000w\000r\000i\000t\000e\000O\000b\000j\000e\000c\000t\000\050\000\051}{subsection.5.7.1}% 32
\BOOKMARK [1][-]{section.5.8}{\376\377\0005\000.\0008\000\040\000K\000i\000l\000l\000C\000o\000v\000i\000d\0001\0009\000L\000e\000a\000d\000e\000r\000b\000o\000a\000r\000d\000W\000i\000d\000g\000e\000t\000\040\000C\000l\000a\000s\000s\000\040\000R\000e\000f\000e\000r\000e\000n\000c\000e}{chapter.5}% 33
\BOOKMARK [1][-]{section.5.9}{\376\377\0005\000.\0009\000\040\000K\000i\000l\000l\000C\000o\000v\000i\000d\0001\0009\000P\000l\000a\000y\000e\000r\000W\000i\000d\000g\000e\000t\000\040\000C\000l\000a\000s\000s\000\040\000R\000e\000f\000e\000r\000e\000n\000c\000e}{chapter.5}% 34
\BOOKMARK [1][-]{section.5.10}{\376\377\0005\000.\0001\0000\000\040\000K\000i\000l\000l\000C\000o\000v\000i\000d\000\137\0001\0009\000S\000c\000e\000n\000e\000\040\000C\000l\000a\000s\000s\000\040\000R\000e\000f\000e\000r\000e\000n\000c\000e}{chapter.5}% 35
\BOOKMARK [2][-]{subsection.5.10.1}{\376\377\0005\000.\0001\0000\000.\0001\000\040\000M\000e\000m\000b\000e\000r\000\040\000F\000u\000n\000c\000t\000i\000o\000n\000\040\000D\000o\000c\000u\000m\000e\000n\000t\000a\000t\000i\000o\000n}{section.5.10}% 36
\BOOKMARK [3][-]{subsubsection.5.10.1.1}{\376\377\0005\000.\0001\0000\000.\0001\000.\0001\000\040\000i\000n\000i\000a\000l\000i\000z\000e\000T\000e\000x\000t\000I\000t\000e\000m\000\050\000\051}{subsection.5.10.1}% 37
\BOOKMARK [3][-]{subsubsection.5.10.1.2}{\376\377\0005\000.\0001\0000\000.\0001\000.\0002\000\040\000S\000t\000a\000r\000t\000G\000a\000m\000e\000\050\000\051}{subsection.5.10.1}% 38
\BOOKMARK [1][-]{section.5.11}{\376\377\0005\000.\0001\0001\000\040\000K\000i\000l\000l\000C\000o\000v\000i\000d\000\137\0001\0009\000V\000i\000e\000w\000\040\000C\000l\000a\000s\000s\000\040\000R\000e\000f\000e\000r\000e\000n\000c\000e}{chapter.5}% 39
\BOOKMARK [2][-]{subsection.5.11.1}{\376\377\0005\000.\0001\0001\000.\0001\000\040\000M\000e\000m\000b\000e\000r\000\040\000F\000u\000n\000c\000t\000i\000o\000n\000\040\000D\000o\000c\000u\000m\000e\000n\000t\000a\000t\000i\000o\000n}{section.5.11}% 40
\BOOKMARK [3][-]{subsubsection.5.11.1.1}{\376\377\0005\000.\0001\0001\000.\0001\000.\0001\000\040\000s\000e\000t\000G\000a\000m\000e\000S\000c\000e\000n\000e\000\050\000\051}{subsection.5.11.1}% 41
\BOOKMARK [1][-]{section.5.12}{\376\377\0005\000.\0001\0002\000\040\000K\000i\000l\000l\000C\000o\000v\000i\000d\000\137\0001\0009\000W\000i\000n\000d\000o\000w\000\040\000C\000l\000a\000s\000s\000\040\000R\000e\000f\000e\000r\000e\000n\000c\000e}{chapter.5}% 42
\BOOKMARK [1][-]{section.5.13}{\376\377\0005\000.\0001\0003\000\040\000K\000i\000l\000l\000C\000o\000v\000i\000d\000R\000u\000n\000\040\000C\000l\000a\000s\000s\000\040\000R\000e\000f\000e\000r\000e\000n\000c\000e}{chapter.5}% 43
\BOOKMARK [1][-]{section.5.14}{\376\377\0005\000.\0001\0004\000\040\000L\000e\000a\000d\000e\000r\000b\000o\000a\000r\000d\000\040\000C\000l\000a\000s\000s\000\040\000R\000e\000f\000e\000r\000e\000n\000c\000e}{chapter.5}% 44
\BOOKMARK [2][-]{subsection.5.14.1}{\376\377\0005\000.\0001\0004\000.\0001\000\040\000M\000e\000m\000b\000e\000r\000\040\000F\000u\000n\000c\000t\000i\000o\000n\000\040\000D\000o\000c\000u\000m\000e\000n\000t\000a\000t\000i\000o\000n}{section.5.14}% 45
\BOOKMARK [3][-]{subsubsection.5.14.1.1}{\376\377\0005\000.\0001\0004\000.\0001\000.\0001\000\040\000a\000d\000d\000R\000u\000n\000\050\000\051}{subsection.5.14.1}% 46
\BOOKMARK [3][-]{subsubsection.5.14.1.2}{\376\377\0005\000.\0001\0004\000.\0001\000.\0002\000\040\000b\000u\000i\000l\000d\000\050\000\051}{subsection.5.14.1}% 47
\BOOKMARK [1][-]{section.5.15}{\376\377\0005\000.\0001\0005\000\040\000l\000o\000g\000i\000n\000W\000i\000n\000d\000o\000w\000\040\000C\000l\000a\000s\000s\000\040\000R\000e\000f\000e\000r\000e\000n\000c\000e}{chapter.5}% 48
\BOOKMARK [2][-]{subsection.5.15.1}{\376\377\0005\000.\0001\0005\000.\0001\000\040\000M\000e\000m\000b\000e\000r\000\040\000F\000u\000n\000c\000t\000i\000o\000n\000\040\000D\000o\000c\000u\000m\000e\000n\000t\000a\000t\000i\000o\000n}{section.5.15}% 49
\BOOKMARK [3][-]{subsubsection.5.15.1.1}{\376\377\0005\000.\0001\0005\000.\0001\000.\0001\000\040\000a\000t\000t\000e\000m\000p\000t\000\137\000l\000o\000g\000i\000n}{subsection.5.15.1}% 50
\BOOKMARK [1][-]{section.5.16}{\376\377\0005\000.\0001\0006\000\040\000m\000a\000i\000n\000W\000i\000n\000d\000o\000w\000\040\000C\000l\000a\000s\000s\000\040\000R\000e\000f\000e\000r\000e\000n\000c\000e}{chapter.5}% 51
\BOOKMARK [2][-]{subsection.5.16.1}{\376\377\0005\000.\0001\0006\000.\0001\000\040\000M\000e\000m\000b\000e\000r\000\040\000F\000u\000n\000c\000t\000i\000o\000n\000\040\000D\000o\000c\000u\000m\000e\000n\000t\000a\000t\000i\000o\000n}{section.5.16}% 52
\BOOKMARK [3][-]{subsubsection.5.16.1.1}{\376\377\0005\000.\0001\0006\000.\0001\000.\0001\000\040\000u\000p\000d\000a\000t\000e\000L\000a\000y\000o\000u\000t\000W\000i\000t\000h\000U\000s\000e\000r\000I\000n\000f\000o}{subsection.5.16.1}% 53
\BOOKMARK [3][-]{subsubsection.5.16.1.2}{\376\377\0005\000.\0001\0006\000.\0001\000.\0002\000\040\000u\000p\000d\000a\000t\000e\000U\000s\000e\000r\000n\000a\000m\000e\000L\000a\000b\000e\000l}{subsection.5.16.1}% 54
\BOOKMARK [3][-]{subsubsection.5.16.1.3}{\376\377\0005\000.\0001\0006\000.\0001\000.\0003\000\040\000u\000p\000d\000a\000t\000e\000U\000s\000e\000r\000P\000r\000o\000f\000i\000l\000e\000P\000i\000c\000t\000u\000r\000e}{subsection.5.16.1}% 55
\BOOKMARK [1][-]{section.5.17}{\376\377\0005\000.\0001\0007\000\040\000P\000r\000o\000f\000i\000l\000e\000P\000i\000c\000t\000u\000r\000e\000C\000h\000o\000o\000s\000e\000r\000\040\000C\000l\000a\000s\000s\000\040\000R\000e\000f\000e\000r\000e\000n\000c\000e}{chapter.5}% 56
\BOOKMARK [2][-]{subsection.5.17.1}{\376\377\0005\000.\0001\0007\000.\0001\000\040\000M\000e\000m\000b\000e\000r\000\040\000F\000u\000n\000c\000t\000i\000o\000n\000\040\000D\000o\000c\000u\000m\000e\000n\000t\000a\000t\000i\000o\000n}{section.5.17}% 57
\BOOKMARK [3][-]{subsubsection.5.17.1.1}{\376\377\0005\000.\0001\0007\000.\0001\000.\0001\000\040\000t\000e\000x\000t\000\050\000\051}{subsection.5.17.1}% 58
\BOOKMARK [1][-]{section.5.18}{\376\377\0005\000.\0001\0008\000\040\000q\000t\000\137\000m\000e\000t\000a\000\137\000s\000t\000r\000i\000n\000g\000d\000a\000t\000a\000\137\000C\000u\000r\000s\000o\000r\000\137\000t\000\040\000S\000t\000r\000u\000c\000t\000\040\000R\000e\000f\000e\000r\000e\000n\000c\000e}{chapter.5}% 59
\BOOKMARK [1][-]{section.5.19}{\376\377\0005\000.\0001\0009\000\040\000q\000t\000\137\000m\000e\000t\000a\000\137\000s\000t\000r\000i\000n\000g\000d\000a\000t\000a\000\137\000G\000a\000m\000e\000H\000i\000s\000t\000o\000r\000y\000W\000i\000d\000g\000e\000t\000\137\000t\000\040\000S\000t\000r\000u\000c\000t\000\040\000R\000e\000f\000e\000r\000e\000n\000c\000e}{chapter.5}% 60
\BOOKMARK [1][-]{section.5.20}{\376\377\0005\000.\0002\0000\000\040\000q\000t\000\137\000m\000e\000t\000a\000\137\000s\000t\000r\000i\000n\000g\000d\000a\000t\000a\000\137\000G\000a\000m\000e\000W\000i\000n\000d\000o\000w\000\137\000t\000\040\000S\000t\000r\000u\000c\000t\000\040\000R\000e\000f\000e\000r\000e\000n\000c\000e}{chapter.5}% 61
\BOOKMARK [1][-]{section.5.21}{\376\377\0005\000.\0002\0001\000\040\000q\000t\000\137\000m\000e\000t\000a\000\137\000s\000t\000r\000i\000n\000g\000d\000a\000t\000a\000\137\000K\000i\000l\000l\000C\000o\000v\000i\000d\0001\0009\000L\000e\000a\000d\000e\000r\000b\000o\000a\000r\000d\000W\000i\000d\000g\000e\000t\000\137\000t\000\040\000S\000t\000r\000u\000c\000t\000\040\000R\000e\000f\000e\000r\000e\000n\000c\000e}{chapter.5}% 62
\BOOKMARK [1][-]{section.5.22}{\376\377\0005\000.\0002\0002\000\040\000q\000t\000\137\000m\000e\000t\000a\000\137\000s\000t\000r\000i\000n\000g\000d\000a\000t\000a\000\137\000K\000i\000l\000l\000C\000o\000v\000i\000d\0001\0009\000P\000l\000a\000y\000e\000r\000W\000i\000d\000g\000e\000t\000\137\000t\000\040\000S\000t\000r\000u\000c\000t\000\040\000R\000e\000f\000e\000r\000e\000n\000c\000e}{chapter.5}% 63
\BOOKMARK [1][-]{section.5.23}{\376\377\0005\000.\0002\0003\000\040\000q\000t\000\137\000m\000e\000t\000a\000\137\000s\000t\000r\000i\000n\000g\000d\000a\000t\000a\000\137\000K\000i\000l\000l\000C\000o\000v\000i\000d\000\137\0001\0009\000S\000c\000e\000n\000e\000\137\000t\000\040\000S\000t\000r\000u\000c\000t\000\040\000R\000e\000f\000e\000r\000e\000n\000c\000e}{chapter.5}% 64
\BOOKMARK [1][-]{section.5.24}{\376\377\0005\000.\0002\0004\000\040\000q\000t\000\137\000m\000e\000t\000a\000\137\000s\000t\000r\000i\000n\000g\000d\000a\000t\000a\000\137\000K\000i\000l\000l\000C\000o\000v\000i\000d\000\137\0001\0009\000V\000i\000e\000w\000\137\000t\000\040\000S\000t\000r\000u\000c\000t\000\040\000R\000e\000f\000e\000r\000e\000n\000c\000e}{chapter.5}% 65
\BOOKMARK [1][-]{section.5.25}{\376\377\0005\000.\0002\0005\000\040\000q\000t\000\137\000m\000e\000t\000a\000\137\000s\000t\000r\000i\000n\000g\000d\000a\000t\000a\000\137\000K\000i\000l\000l\000C\000o\000v\000i\000d\000\137\0001\0009\000W\000i\000n\000d\000o\000w\000\137\000t\000\040\000S\000t\000r\000u\000c\000t\000\040\000R\000e\000f\000e\000r\000e\000n\000c\000e}{chapter.5}% 66
\BOOKMARK [1][-]{section.5.26}{\376\377\0005\000.\0002\0006\000\040\000q\000t\000\137\000m\000e\000t\000a\000\137\000s\000t\000r\000i\000n\000g\000d\000a\000t\000a\000\137\000l\000o\000g\000i\000n\000W\000i\000n\000d\000o\000w\000\137\000t\000\040\000S\000t\000r\000u\000c\000t\000\040\000R\000e\000f\000e\000r\000e\000n\000c\000e}{chapter.5}% 67
\BOOKMARK [1][-]{section.5.27}{\376\377\0005\000.\0002\0007\000\040\000q\000t\000\137\000m\000e\000t\000a\000\137\000s\000t\000r\000i\000n\000g\000d\000a\000t\000a\000\137\000m\000a\000i\000n\000W\000i\000n\000d\000o\000w\000\137\000t\000\040\000S\000t\000r\000u\000c\000t\000\040\000R\000e\000f\000e\000r\000e\000n\000c\000e}{chapter.5}% 68
\BOOKMARK [1][-]{section.5.28}{\376\377\0005\000.\0002\0008\000\040\000q\000t\000\137\000m\000e\000t\000a\000\137\000s\000t\000r\000i\000n\000g\000d\000a\000t\000a\000\137\000P\000r\000o\000f\000i\000l\000e\000P\000i\000c\000t\000u\000r\000e\000C\000h\000o\000o\000s\000e\000r\000\137\000t\000\040\000S\000t\000r\000u\000c\000t\000\040\000R\000e\000f\000e\000r\000e\000n\000c\000e}{chapter.5}% 69
\BOOKMARK [1][-]{section.5.29}{\376\377\0005\000.\0002\0009\000\040\000q\000t\000\137\000m\000e\000t\000a\000\137\000s\000t\000r\000i\000n\000g\000d\000a\000t\000a\000\137\000r\000e\000g\000i\000s\000t\000e\000r\000A\000c\000c\000o\000u\000n\000t\000W\000i\000n\000d\000o\000w\000\137\000t\000\040\000S\000t\000r\000u\000c\000t\000\040\000R\000e\000f\000e\000r\000e\000n\000c\000e}{chapter.5}% 70
\BOOKMARK [1][-]{section.5.30}{\376\377\0005\000.\0003\0000\000\040\000q\000t\000\137\000m\000e\000t\000a\000\137\000s\000t\000r\000i\000n\000g\000d\000a\000t\000a\000\137\000R\000e\000v\000e\000r\000s\000i\000P\000l\000a\000y\000e\000r\000W\000i\000d\000g\000e\000t\000\137\000t\000\040\000S\000t\000r\000u\000c\000t\000\040\000R\000e\000f\000e\000r\000e\000n\000c\000e}{chapter.5}% 71
\BOOKMARK [1][-]{section.5.31}{\376\377\0005\000.\0003\0001\000\040\000q\000t\000\137\000m\000e\000t\000a\000\137\000s\000t\000r\000i\000n\000g\000d\000a\000t\000a\000\137\000R\000e\000v\000e\000r\000s\000i\000S\000c\000e\000n\000e\000\137\000t\000\040\000S\000t\000r\000u\000c\000t\000\040\000R\000e\000f\000e\000r\000e\000n\000c\000e}{chapter.5}% 72
\BOOKMARK [1][-]{section.5.32}{\376\377\0005\000.\0003\0002\000\040\000q\000t\000\137\000m\000e\000t\000a\000\137\000s\000t\000r\000i\000n\000g\000d\000a\000t\000a\000\137\000R\000e\000v\000e\000r\000s\000i\000S\000t\000a\000t\000s\000W\000i\000d\000g\000e\000t\000\137\000t\000\040\000S\000t\000r\000u\000c\000t\000\040\000R\000e\000f\000e\000r\000e\000n\000c\000e}{chapter.5}% 73
\BOOKMARK [1][-]{section.5.33}{\376\377\0005\000.\0003\0003\000\040\000q\000t\000\137\000m\000e\000t\000a\000\137\000s\000t\000r\000i\000n\000g\000d\000a\000t\000a\000\137\000R\000e\000v\000e\000r\000s\000i\000V\000i\000e\000w\000\137\000t\000\040\000S\000t\000r\000u\000c\000t\000\040\000R\000e\000f\000e\000r\000e\000n\000c\000e}{chapter.5}% 74
\BOOKMARK [1][-]{section.5.34}{\376\377\0005\000.\0003\0004\000\040\000q\000t\000\137\000m\000e\000t\000a\000\137\000s\000t\000r\000i\000n\000g\000d\000a\000t\000a\000\137\000R\000e\000v\000e\000r\000s\000i\000W\000i\000n\000d\000o\000w\000\137\000t\000\040\000S\000t\000r\000u\000c\000t\000\040\000R\000e\000f\000e\000r\000e\000n\000c\000e}{chapter.5}% 75
\BOOKMARK [1][-]{section.5.35}{\376\377\0005\000.\0003\0005\000\040\000q\000t\000\137\000m\000e\000t\000a\000\137\000s\000t\000r\000i\000n\000g\000d\000a\000t\000a\000\137\000S\000t\000o\000n\000e\000\137\000t\000\040\000S\000t\000r\000u\000c\000t\000\040\000R\000e\000f\000e\000r\000e\000n\000c\000e}{chapter.5}% 76
\BOOKMARK [1][-]{section.5.36}{\376\377\0005\000.\0003\0006\000\040\000q\000t\000\137\000m\000e\000t\000a\000\137\000s\000t\000r\000i\000n\000g\000d\000a\000t\000a\000\137\000V\000i\000r\000u\000s\000\137\000t\000\040\000S\000t\000r\000u\000c\000t\000\040\000R\000e\000f\000e\000r\000e\000n\000c\000e}{chapter.5}% 77
\BOOKMARK [1][-]{section.5.37}{\376\377\0005\000.\0003\0007\000\040\000r\000e\000g\000i\000s\000t\000e\000r\000A\000c\000c\000o\000u\000n\000t\000W\000i\000n\000d\000o\000w\000\040\000C\000l\000a\000s\000s\000\040\000R\000e\000f\000e\000r\000e\000n\000c\000e}{chapter.5}% 78
\BOOKMARK [1][-]{section.5.38}{\376\377\0005\000.\0003\0008\000\040\000R\000e\000v\000e\000r\000s\000i\000P\000l\000a\000y\000e\000r\000W\000i\000d\000g\000e\000t\000\040\000C\000l\000a\000s\000s\000\040\000R\000e\000f\000e\000r\000e\000n\000c\000e}{chapter.5}% 79
\BOOKMARK [1][-]{section.5.39}{\376\377\0005\000.\0003\0009\000\040\000R\000e\000v\000e\000r\000s\000i\000R\000u\000n\000\040\000C\000l\000a\000s\000s\000\040\000R\000e\000f\000e\000r\000e\000n\000c\000e}{chapter.5}% 80
\BOOKMARK [2][-]{subsection.5.39.1}{\376\377\0005\000.\0003\0009\000.\0001\000\040\000M\000e\000m\000b\000e\000r\000\040\000F\000u\000n\000c\000t\000i\000o\000n\000\040\000D\000o\000c\000u\000m\000e\000n\000t\000a\000t\000i\000o\000n}{section.5.39}% 81
\BOOKMARK [3][-]{subsubsection.5.39.1.1}{\376\377\0005\000.\0003\0009\000.\0001\000.\0001\000\040\000g\000e\000t\000S\000c\000o\000r\000e\000\050\000\051}{subsection.5.39.1}% 82
\BOOKMARK [1][-]{section.5.40}{\376\377\0005\000.\0004\0000\000\040\000R\000e\000v\000e\000r\000s\000i\000S\000c\000e\000n\000e\000\040\000C\000l\000a\000s\000s\000\040\000R\000e\000f\000e\000r\000e\000n\000c\000e}{chapter.5}% 83
\BOOKMARK [2][-]{subsection.5.40.1}{\376\377\0005\000.\0004\0000\000.\0001\000\040\000M\000e\000m\000b\000e\000r\000\040\000F\000u\000n\000c\000t\000i\000o\000n\000\040\000D\000o\000c\000u\000m\000e\000n\000t\000a\000t\000i\000o\000n}{section.5.40}% 84
\BOOKMARK [3][-]{subsubsection.5.40.1.1}{\376\377\0005\000.\0004\0000\000.\0001\000.\0001\000\040\000C\000h\000e\000c\000k\000I\000f\000T\000h\000e\000r\000e\000I\000s\000P\000o\000s\000s\000i\000b\000l\000e\000M\000o\000v\000e\000\050\000\051}{subsection.5.40.1}% 85
\BOOKMARK [3][-]{subsubsection.5.40.1.2}{\376\377\0005\000.\0004\0000\000.\0001\000.\0002\000\040\000C\000h\000e\000c\000k\000I\000f\000V\000a\000l\000i\000d\000M\000o\000v\000e\000\050\000\051}{subsection.5.40.1}% 86
\BOOKMARK [3][-]{subsubsection.5.40.1.3}{\376\377\0005\000.\0004\0000\000.\0001\000.\0003\000\040\000C\000h\000e\000c\000k\000P\000a\000t\000h\000\050\000\051}{subsection.5.40.1}% 87
\BOOKMARK [3][-]{subsubsection.5.40.1.4}{\376\377\0005\000.\0004\0000\000.\0001\000.\0004\000\040\000C\000h\000e\000c\000k\000V\000a\000l\000\050\000\051}{subsection.5.40.1}% 88
\BOOKMARK [3][-]{subsubsection.5.40.1.5}{\376\377\0005\000.\0004\0000\000.\0001\000.\0005\000\040\000C\000r\000e\000a\000t\000e\000S\000t\000o\000n\000e\000\050\000\051}{subsection.5.40.1}% 89
\BOOKMARK [3][-]{subsubsection.5.40.1.6}{\376\377\0005\000.\0004\0000\000.\0001\000.\0006\000\040\000F\000l\000i\000p\000P\000a\000t\000h\000\050\000\051}{subsection.5.40.1}% 90
\BOOKMARK [3][-]{subsubsection.5.40.1.7}{\376\377\0005\000.\0004\0000\000.\0001\000.\0007\000\040\000i\000n\000i\000a\000l\000i\000z\000e\000T\000e\000x\000t\000I\000t\000e\000m\000\050\000\051}{subsection.5.40.1}% 91
\BOOKMARK [3][-]{subsubsection.5.40.1.8}{\376\377\0005\000.\0004\0000\000.\0001\000.\0008\000\040\000P\000l\000a\000y\000M\000o\000v\000e\000\050\000\051}{subsection.5.40.1}% 92
\BOOKMARK [1][-]{section.5.41}{\376\377\0005\000.\0004\0001\000\040\000R\000e\000v\000e\000r\000s\000i\000S\000t\000a\000t\000s\000W\000i\000d\000g\000e\000t\000\040\000C\000l\000a\000s\000s\000\040\000R\000e\000f\000e\000r\000e\000n\000c\000e}{chapter.5}% 93
\BOOKMARK [1][-]{section.5.42}{\376\377\0005\000.\0004\0002\000\040\000R\000e\000v\000e\000r\000s\000i\000V\000i\000e\000w\000\040\000C\000l\000a\000s\000s\000\040\000R\000e\000f\000e\000r\000e\000n\000c\000e}{chapter.5}% 94
\BOOKMARK [2][-]{subsection.5.42.1}{\376\377\0005\000.\0004\0002\000.\0001\000\040\000M\000e\000m\000b\000e\000r\000\040\000F\000u\000n\000c\000t\000i\000o\000n\000\040\000D\000o\000c\000u\000m\000e\000n\000t\000a\000t\000i\000o\000n}{section.5.42}% 95
\BOOKMARK [3][-]{subsubsection.5.42.1.1}{\376\377\0005\000.\0004\0002\000.\0001\000.\0001\000\040\000s\000e\000t\000G\000a\000m\000e\000S\000c\000e\000n\000e\000\050\000\051}{subsection.5.42.1}% 96
\BOOKMARK [1][-]{section.5.43}{\376\377\0005\000.\0004\0003\000\040\000R\000e\000v\000e\000r\000s\000i\000W\000i\000n\000d\000o\000w\000\040\000C\000l\000a\000s\000s\000\040\000R\000e\000f\000e\000r\000e\000n\000c\000e}{chapter.5}% 97
\BOOKMARK [1][-]{section.5.44}{\376\377\0005\000.\0004\0004\000\040\000S\000t\000o\000n\000e\000\040\000C\000l\000a\000s\000s\000\040\000R\000e\000f\000e\000r\000e\000n\000c\000e}{chapter.5}% 98
\BOOKMARK [1][-]{section.5.45}{\376\377\0005\000.\0004\0005\000\040\000U\000s\000e\000r\000\040\000C\000l\000a\000s\000s\000\040\000R\000e\000f\000e\000r\000e\000n\000c\000e}{chapter.5}% 99
\BOOKMARK [1][-]{section.5.46}{\376\377\0005\000.\0004\0006\000\040\000U\000t\000i\000l\000s\000\040\000C\000l\000a\000s\000s\000\040\000R\000e\000f\000e\000r\000e\000n\000c\000e}{chapter.5}% 100
\BOOKMARK [2][-]{subsection.5.46.1}{\376\377\0005\000.\0004\0006\000.\0001\000\040\000M\000e\000m\000b\000e\000r\000\040\000F\000u\000n\000c\000t\000i\000o\000n\000\040\000D\000o\000c\000u\000m\000e\000n\000t\000a\000t\000i\000o\000n}{section.5.46}% 101
\BOOKMARK [3][-]{subsubsection.5.46.1.1}{\376\377\0005\000.\0004\0006\000.\0001\000.\0001\000\040\000d\000e\000l\000a\000y\000\050\000\051}{subsection.5.46.1}% 102
\BOOKMARK [3][-]{subsubsection.5.46.1.2}{\376\377\0005\000.\0004\0006\000.\0001\000.\0002\000\040\000f\000i\000l\000e\000E\000x\000i\000s\000t\000s\000\050\000\051}{subsection.5.46.1}% 103
\BOOKMARK [3][-]{subsubsection.5.46.1.3}{\376\377\0005\000.\0004\0006\000.\0001\000.\0003\000\040\000H\000a\000s\000h\000P\000b\000d\000k\000f\0001\000\050\000\051}{subsection.5.46.1}% 104
\BOOKMARK [3][-]{subsubsection.5.46.1.4}{\376\377\0005\000.\0004\0006\000.\0001\000.\0004\000\040\000I\000s\000V\000a\000l\000i\000d\000N\000a\000m\000e\000\050\000\051}{subsection.5.46.1}% 105
\BOOKMARK [3][-]{subsubsection.5.46.1.5}{\376\377\0005\000.\0004\0006\000.\0001\000.\0005\000\040\000I\000s\000V\000a\000l\000i\000d\000P\000a\000s\000s\000w\000o\000r\000d\000\050\000\051}{subsection.5.46.1}% 106
\BOOKMARK [3][-]{subsubsection.5.46.1.6}{\376\377\0005\000.\0004\0006\000.\0001\000.\0006\000\040\000P\000o\000p\000u\000p\000\050\000\051}{subsection.5.46.1}% 107
\BOOKMARK [1][-]{section.5.47}{\376\377\0005\000.\0004\0007\000\040\000V\000i\000r\000u\000s\000\040\000C\000l\000a\000s\000s\000\040\000R\000e\000f\000e\000r\000e\000n\000c\000e}{chapter.5}% 108
\BOOKMARK [0][-]{chapter.6}{\376\377\0006\000\040\000F\000i\000l\000e\000\040\000D\000o\000c\000u\000m\000e\000n\000t\000a\000t\000i\000o\000n}{}% 109
\BOOKMARK [1][-]{section.6.1}{\376\377\0006\000.\0001\000\040\000/\000h\000o\000m\000e\000/\000m\000a\000l\000e\000k\000/\000p\000r\000o\000j\000e\000c\000t\000s\000/\000C\000-\000C\000p\000p\000/\000Q\000t\000/\000r\000e\000p\000o\000s\000/\000q\000a\000m\000i\000n\000g\000f\000r\000a\000m\000e\000w\000o\000r\000k\000/\000Q\000a\000m\000i\000n\000g\000F\000r\000a\000m\000e\000w\000o\000r\000k\000/\000a\000c\000c\000o\000u\000n\000t\000s\000/\000l\000o\000g\000i\000n\000w\000i\000n\000d\000o\000w\000.\000c\000p\000p\000\040\000F\000i\000l\000e\000\040\000R\000e\000f\000e\000r\000e\000n\000c\000e}{chapter.6}% 110
\BOOKMARK [2][-]{subsection.6.1.1}{\376\377\0006\000.\0001\000.\0001\000\040\000D\000e\000t\000a\000i\000l\000e\000d\000\040\000D\000e\000s\000c\000r\000i\000p\000t\000i\000o\000n}{section.6.1}% 111
\BOOKMARK [1][-]{section.6.2}{\376\377\0006\000.\0002\000\040\000/\000h\000o\000m\000e\000/\000m\000a\000l\000e\000k\000/\000p\000r\000o\000j\000e\000c\000t\000s\000/\000C\000-\000C\000p\000p\000/\000Q\000t\000/\000r\000e\000p\000o\000s\000/\000q\000a\000m\000i\000n\000g\000f\000r\000a\000m\000e\000w\000o\000r\000k\000/\000Q\000a\000m\000i\000n\000g\000F\000r\000a\000m\000e\000w\000o\000r\000k\000/\000a\000c\000c\000o\000u\000n\000t\000s\000/\000l\000o\000g\000i\000n\000w\000i\000n\000d\000o\000w\000.\000h\000\040\000F\000i\000l\000e\000\040\000R\000e\000f\000e\000r\000e\000n\000c\000e}{chapter.6}% 112
\BOOKMARK [2][-]{subsection.6.2.1}{\376\377\0006\000.\0002\000.\0001\000\040\000D\000e\000t\000a\000i\000l\000e\000d\000\040\000D\000e\000s\000c\000r\000i\000p\000t\000i\000o\000n}{section.6.2}% 113
\BOOKMARK [1][-]{section.6.3}{\376\377\0006\000.\0003\000\040\000/\000h\000o\000m\000e\000/\000m\000a\000l\000e\000k\000/\000p\000r\000o\000j\000e\000c\000t\000s\000/\000C\000-\000C\000p\000p\000/\000Q\000t\000/\000r\000e\000p\000o\000s\000/\000q\000a\000m\000i\000n\000g\000f\000r\000a\000m\000e\000w\000o\000r\000k\000/\000Q\000a\000m\000i\000n\000g\000F\000r\000a\000m\000e\000w\000o\000r\000k\000/\000a\000c\000c\000o\000u\000n\000t\000s\000/\000p\000r\000o\000f\000i\000l\000e\000p\000i\000c\000t\000u\000r\000e\000c\000h\000o\000o\000s\000e\000r\000.\000c\000p\000p\000\040\000F\000i\000l\000e\000\040\000R\000e\000f\000e\000r\000e\000n\000c\000e}{chapter.6}% 114
\BOOKMARK [2][-]{subsection.6.3.1}{\376\377\0006\000.\0003\000.\0001\000\040\000D\000e\000t\000a\000i\000l\000e\000d\000\040\000D\000e\000s\000c\000r\000i\000p\000t\000i\000o\000n}{section.6.3}% 115
\BOOKMARK [1][-]{section.6.4}{\376\377\0006\000.\0004\000\040\000/\000h\000o\000m\000e\000/\000m\000a\000l\000e\000k\000/\000p\000r\000o\000j\000e\000c\000t\000s\000/\000C\000-\000C\000p\000p\000/\000Q\000t\000/\000r\000e\000p\000o\000s\000/\000q\000a\000m\000i\000n\000g\000f\000r\000a\000m\000e\000w\000o\000r\000k\000/\000Q\000a\000m\000i\000n\000g\000F\000r\000a\000m\000e\000w\000o\000r\000k\000/\000a\000c\000c\000o\000u\000n\000t\000s\000/\000p\000r\000o\000f\000i\000l\000e\000p\000i\000c\000t\000u\000r\000e\000c\000h\000o\000o\000s\000e\000r\000.\000h\000\040\000F\000i\000l\000e\000\040\000R\000e\000f\000e\000r\000e\000n\000c\000e}{chapter.6}% 116
\BOOKMARK [2][-]{subsection.6.4.1}{\376\377\0006\000.\0004\000.\0001\000\040\000D\000e\000t\000a\000i\000l\000e\000d\000\040\000D\000e\000s\000c\000r\000i\000p\000t\000i\000o\000n}{section.6.4}% 117
\BOOKMARK [1][-]{section.6.5}{\376\377\0006\000.\0005\000\040\000/\000h\000o\000m\000e\000/\000m\000a\000l\000e\000k\000/\000p\000r\000o\000j\000e\000c\000t\000s\000/\000C\000-\000C\000p\000p\000/\000Q\000t\000/\000r\000e\000p\000o\000s\000/\000q\000a\000m\000i\000n\000g\000f\000r\000a\000m\000e\000w\000o\000r\000k\000/\000Q\000a\000m\000i\000n\000g\000F\000r\000a\000m\000e\000w\000o\000r\000k\000/\000a\000c\000c\000o\000u\000n\000t\000s\000/\000r\000e\000g\000i\000s\000t\000e\000r\000a\000c\000c\000o\000u\000n\000t\000w\000i\000n\000d\000o\000w\000.\000c\000p\000p\000\040\000F\000i\000l\000e\000\040\000R\000e\000f\000e\000r\000e\000n\000c\000e}{chapter.6}% 118
\BOOKMARK [2][-]{subsection.6.5.1}{\376\377\0006\000.\0005\000.\0001\000\040\000D\000e\000t\000a\000i\000l\000e\000d\000\040\000D\000e\000s\000c\000r\000i\000p\000t\000i\000o\000n}{section.6.5}% 119
\BOOKMARK [1][-]{section.6.6}{\376\377\0006\000.\0006\000\040\000/\000h\000o\000m\000e\000/\000m\000a\000l\000e\000k\000/\000p\000r\000o\000j\000e\000c\000t\000s\000/\000C\000-\000C\000p\000p\000/\000Q\000t\000/\000r\000e\000p\000o\000s\000/\000q\000a\000m\000i\000n\000g\000f\000r\000a\000m\000e\000w\000o\000r\000k\000/\000Q\000a\000m\000i\000n\000g\000F\000r\000a\000m\000e\000w\000o\000r\000k\000/\000a\000c\000c\000o\000u\000n\000t\000s\000/\000r\000e\000g\000i\000s\000t\000e\000r\000a\000c\000c\000o\000u\000n\000t\000w\000i\000n\000d\000o\000w\000.\000h\000\040\000F\000i\000l\000e\000\040\000R\000e\000f\000e\000r\000e\000n\000c\000e}{chapter.6}% 120
\BOOKMARK [2][-]{subsection.6.6.1}{\376\377\0006\000.\0006\000.\0001\000\040\000D\000e\000t\000a\000i\000l\000e\000d\000\040\000D\000e\000s\000c\000r\000i\000p\000t\000i\000o\000n}{section.6.6}% 121
\BOOKMARK [1][-]{section.6.7}{\376\377\0006\000.\0007\000\040\000/\000h\000o\000m\000e\000/\000m\000a\000l\000e\000k\000/\000p\000r\000o\000j\000e\000c\000t\000s\000/\000C\000-\000C\000p\000p\000/\000Q\000t\000/\000r\000e\000p\000o\000s\000/\000q\000a\000m\000i\000n\000g\000f\000r\000a\000m\000e\000w\000o\000r\000k\000/\000Q\000a\000m\000i\000n\000g\000F\000r\000a\000m\000e\000w\000o\000r\000k\000/\000a\000c\000c\000o\000u\000n\000t\000s\000/\000u\000s\000e\000r\000.\000c\000p\000p\000\040\000F\000i\000l\000e\000\040\000R\000e\000f\000e\000r\000e\000n\000c\000e}{chapter.6}% 122
\BOOKMARK [2][-]{subsection.6.7.1}{\376\377\0006\000.\0007\000.\0001\000\040\000D\000e\000t\000a\000i\000l\000e\000d\000\040\000D\000e\000s\000c\000r\000i\000p\000t\000i\000o\000n}{section.6.7}% 123
\BOOKMARK [1][-]{section.6.8}{\376\377\0006\000.\0008\000\040\000/\000h\000o\000m\000e\000/\000m\000a\000l\000e\000k\000/\000p\000r\000o\000j\000e\000c\000t\000s\000/\000C\000-\000C\000p\000p\000/\000Q\000t\000/\000r\000e\000p\000o\000s\000/\000q\000a\000m\000i\000n\000g\000f\000r\000a\000m\000e\000w\000o\000r\000k\000/\000Q\000a\000m\000i\000n\000g\000F\000r\000a\000m\000e\000w\000o\000r\000k\000/\000a\000c\000c\000o\000u\000n\000t\000s\000/\000u\000s\000e\000r\000.\000h\000\040\000F\000i\000l\000e\000\040\000R\000e\000f\000e\000r\000e\000n\000c\000e}{chapter.6}% 124
\BOOKMARK [2][-]{subsection.6.8.1}{\376\377\0006\000.\0008\000.\0001\000\040\000D\000e\000t\000a\000i\000l\000e\000d\000\040\000D\000e\000s\000c\000r\000i\000p\000t\000i\000o\000n}{section.6.8}% 125
\BOOKMARK [1][-]{section.6.9}{\376\377\0006\000.\0009\000\040\000/\000h\000o\000m\000e\000/\000m\000a\000l\000e\000k\000/\000p\000r\000o\000j\000e\000c\000t\000s\000/\000C\000-\000C\000p\000p\000/\000Q\000t\000/\000r\000e\000p\000o\000s\000/\000q\000a\000m\000i\000n\000g\000f\000r\000a\000m\000e\000w\000o\000r\000k\000/\000Q\000a\000m\000i\000n\000g\000F\000r\000a\000m\000e\000w\000o\000r\000k\000/\000K\000i\000l\000l\000C\000o\000v\000i\000d\000-\0001\0009\000/\000c\000u\000r\000s\000o\000r\000.\000c\000p\000p\000\040\000F\000i\000l\000e\000\040\000R\000e\000f\000e\000r\000e\000n\000c\000e}{chapter.6}% 126
\BOOKMARK [2][-]{subsection.6.9.1}{\376\377\0006\000.\0009\000.\0001\000\040\000D\000e\000t\000a\000i\000l\000e\000d\000\040\000D\000e\000s\000c\000r\000i\000p\000t\000i\000o\000n}{section.6.9}% 127
\BOOKMARK [1][-]{section.6.10}{\376\377\0006\000.\0001\0000\000\040\000/\000h\000o\000m\000e\000/\000m\000a\000l\000e\000k\000/\000p\000r\000o\000j\000e\000c\000t\000s\000/\000C\000-\000C\000p\000p\000/\000Q\000t\000/\000r\000e\000p\000o\000s\000/\000q\000a\000m\000i\000n\000g\000f\000r\000a\000m\000e\000w\000o\000r\000k\000/\000Q\000a\000m\000i\000n\000g\000F\000r\000a\000m\000e\000w\000o\000r\000k\000/\000K\000i\000l\000l\000C\000o\000v\000i\000d\000-\0001\0009\000/\000k\000i\000l\000l\000c\000o\000v\000i\000d\0001\0009\000l\000e\000a\000d\000e\000r\000b\000o\000a\000r\000d\000w\000i\000d\000g\000e\000t\000.\000h\000\040\000F\000i\000l\000e\000\040\000R\000e\000f\000e\000r\000e\000n\000c\000e}{chapter.6}% 128
\BOOKMARK [2][-]{subsection.6.10.1}{\376\377\0006\000.\0001\0000\000.\0001\000\040\000D\000e\000t\000a\000i\000l\000e\000d\000\040\000D\000e\000s\000c\000r\000i\000p\000t\000i\000o\000n}{section.6.10}% 129
\BOOKMARK [1][-]{section.6.11}{\376\377\0006\000.\0001\0001\000\040\000/\000h\000o\000m\000e\000/\000m\000a\000l\000e\000k\000/\000p\000r\000o\000j\000e\000c\000t\000s\000/\000C\000-\000C\000p\000p\000/\000Q\000t\000/\000r\000e\000p\000o\000s\000/\000q\000a\000m\000i\000n\000g\000f\000r\000a\000m\000e\000w\000o\000r\000k\000/\000Q\000a\000m\000i\000n\000g\000F\000r\000a\000m\000e\000w\000o\000r\000k\000/\000K\000i\000l\000l\000C\000o\000v\000i\000d\000-\0001\0009\000/\000k\000i\000l\000l\000c\000o\000v\000i\000d\0001\0009\000p\000l\000a\000y\000e\000r\000w\000i\000d\000g\000e\000t\000.\000h\000\040\000F\000i\000l\000e\000\040\000R\000e\000f\000e\000r\000e\000n\000c\000e}{chapter.6}% 130
\BOOKMARK [2][-]{subsection.6.11.1}{\376\377\0006\000.\0001\0001\000.\0001\000\040\000D\000e\000t\000a\000i\000l\000e\000d\000\040\000D\000e\000s\000c\000r\000i\000p\000t\000i\000o\000n}{section.6.11}% 131
\BOOKMARK [1][-]{section.6.12}{\376\377\0006\000.\0001\0002\000\040\000/\000h\000o\000m\000e\000/\000m\000a\000l\000e\000k\000/\000p\000r\000o\000j\000e\000c\000t\000s\000/\000C\000-\000C\000p\000p\000/\000Q\000t\000/\000r\000e\000p\000o\000s\000/\000q\000a\000m\000i\000n\000g\000f\000r\000a\000m\000e\000w\000o\000r\000k\000/\000Q\000a\000m\000i\000n\000g\000F\000r\000a\000m\000e\000w\000o\000r\000k\000/\000K\000i\000l\000l\000C\000o\000v\000i\000d\000-\0001\0009\000/\000k\000i\000l\000l\000c\000o\000v\000i\000d\0001\0009\000s\000c\000e\000n\000e\000.\000h\000\040\000F\000i\000l\000e\000\040\000R\000e\000f\000e\000r\000e\000n\000c\000e}{chapter.6}% 132
\BOOKMARK [2][-]{subsection.6.12.1}{\376\377\0006\000.\0001\0002\000.\0001\000\040\000D\000e\000t\000a\000i\000l\000e\000d\000\040\000D\000e\000s\000c\000r\000i\000p\000t\000i\000o\000n}{section.6.12}% 133
\BOOKMARK [1][-]{section.6.13}{\376\377\0006\000.\0001\0003\000\040\000/\000h\000o\000m\000e\000/\000m\000a\000l\000e\000k\000/\000p\000r\000o\000j\000e\000c\000t\000s\000/\000C\000-\000C\000p\000p\000/\000Q\000t\000/\000r\000e\000p\000o\000s\000/\000q\000a\000m\000i\000n\000g\000f\000r\000a\000m\000e\000w\000o\000r\000k\000/\000Q\000a\000m\000i\000n\000g\000F\000r\000a\000m\000e\000w\000o\000r\000k\000/\000K\000i\000l\000l\000C\000o\000v\000i\000d\000-\0001\0009\000/\000k\000i\000l\000l\000c\000o\000v\000i\000d\0001\0009\000v\000i\000e\000w\000.\000h\000\040\000F\000i\000l\000e\000\040\000R\000e\000f\000e\000r\000e\000n\000c\000e}{chapter.6}% 134
\BOOKMARK [2][-]{subsection.6.13.1}{\376\377\0006\000.\0001\0003\000.\0001\000\040\000D\000e\000t\000a\000i\000l\000e\000d\000\040\000D\000e\000s\000c\000r\000i\000p\000t\000i\000o\000n}{section.6.13}% 135
\BOOKMARK [1][-]{section.6.14}{\376\377\0006\000.\0001\0004\000\040\000/\000h\000o\000m\000e\000/\000m\000a\000l\000e\000k\000/\000p\000r\000o\000j\000e\000c\000t\000s\000/\000C\000-\000C\000p\000p\000/\000Q\000t\000/\000r\000e\000p\000o\000s\000/\000q\000a\000m\000i\000n\000g\000f\000r\000a\000m\000e\000w\000o\000r\000k\000/\000Q\000a\000m\000i\000n\000g\000F\000r\000a\000m\000e\000w\000o\000r\000k\000/\000K\000i\000l\000l\000C\000o\000v\000i\000d\000-\0001\0009\000/\000k\000i\000l\000l\000c\000o\000v\000i\000d\000r\000u\000n\000.\000c\000p\000p\000\040\000F\000i\000l\000e\000\040\000R\000e\000f\000e\000r\000e\000n\000c\000e}{chapter.6}% 136
\BOOKMARK [2][-]{subsection.6.14.1}{\376\377\0006\000.\0001\0004\000.\0001\000\040\000D\000e\000t\000a\000i\000l\000e\000d\000\040\000D\000e\000s\000c\000r\000i\000p\000t\000i\000o\000n}{section.6.14}% 137
\BOOKMARK [1][-]{section.6.15}{\376\377\0006\000.\0001\0005\000\040\000/\000h\000o\000m\000e\000/\000m\000a\000l\000e\000k\000/\000p\000r\000o\000j\000e\000c\000t\000s\000/\000C\000-\000C\000p\000p\000/\000Q\000t\000/\000r\000e\000p\000o\000s\000/\000q\000a\000m\000i\000n\000g\000f\000r\000a\000m\000e\000w\000o\000r\000k\000/\000Q\000a\000m\000i\000n\000g\000F\000r\000a\000m\000e\000w\000o\000r\000k\000/\000K\000i\000l\000l\000C\000o\000v\000i\000d\000-\0001\0009\000/\000k\000i\000l\000l\000c\000o\000v\000i\000d\000r\000u\000n\000.\000h\000\040\000F\000i\000l\000e\000\040\000R\000e\000f\000e\000r\000e\000n\000c\000e}{chapter.6}% 138
\BOOKMARK [2][-]{subsection.6.15.1}{\376\377\0006\000.\0001\0005\000.\0001\000\040\000D\000e\000t\000a\000i\000l\000e\000d\000\040\000D\000e\000s\000c\000r\000i\000p\000t\000i\000o\000n}{section.6.15}% 139
\BOOKMARK [1][-]{section.6.16}{\376\377\0006\000.\0001\0006\000\040\000/\000h\000o\000m\000e\000/\000m\000a\000l\000e\000k\000/\000p\000r\000o\000j\000e\000c\000t\000s\000/\000C\000-\000C\000p\000p\000/\000Q\000t\000/\000r\000e\000p\000o\000s\000/\000q\000a\000m\000i\000n\000g\000f\000r\000a\000m\000e\000w\000o\000r\000k\000/\000Q\000a\000m\000i\000n\000g\000F\000r\000a\000m\000e\000w\000o\000r\000k\000/\000K\000i\000l\000l\000C\000o\000v\000i\000d\000-\0001\0009\000/\000v\000i\000r\000u\000s\000.\000c\000p\000p\000\040\000F\000i\000l\000e\000\040\000R\000e\000f\000e\000r\000e\000n\000c\000e}{chapter.6}% 140
\BOOKMARK [2][-]{subsection.6.16.1}{\376\377\0006\000.\0001\0006\000.\0001\000\040\000D\000e\000t\000a\000i\000l\000e\000d\000\040\000D\000e\000s\000c\000r\000i\000p\000t\000i\000o\000n}{section.6.16}% 141
\BOOKMARK [1][-]{section.6.17}{\376\377\0006\000.\0001\0007\000\040\000/\000h\000o\000m\000e\000/\000m\000a\000l\000e\000k\000/\000p\000r\000o\000j\000e\000c\000t\000s\000/\000C\000-\000C\000p\000p\000/\000Q\000t\000/\000r\000e\000p\000o\000s\000/\000q\000a\000m\000i\000n\000g\000f\000r\000a\000m\000e\000w\000o\000r\000k\000/\000Q\000a\000m\000i\000n\000g\000F\000r\000a\000m\000e\000w\000o\000r\000k\000/\000m\000a\000i\000n\000/\000g\000a\000m\000e\000h\000i\000s\000t\000o\000r\000y\000w\000i\000d\000g\000e\000t\000.\000h\000\040\000F\000i\000l\000e\000\040\000R\000e\000f\000e\000r\000e\000n\000c\000e}{chapter.6}% 142
\BOOKMARK [2][-]{subsection.6.17.1}{\376\377\0006\000.\0001\0007\000.\0001\000\040\000D\000e\000t\000a\000i\000l\000e\000d\000\040\000D\000e\000s\000c\000r\000i\000p\000t\000i\000o\000n}{section.6.17}% 143
\BOOKMARK [1][-]{section.6.18}{\376\377\0006\000.\0001\0008\000\040\000/\000h\000o\000m\000e\000/\000m\000a\000l\000e\000k\000/\000p\000r\000o\000j\000e\000c\000t\000s\000/\000C\000-\000C\000p\000p\000/\000Q\000t\000/\000r\000e\000p\000o\000s\000/\000q\000a\000m\000i\000n\000g\000f\000r\000a\000m\000e\000w\000o\000r\000k\000/\000Q\000a\000m\000i\000n\000g\000F\000r\000a\000m\000e\000w\000o\000r\000k\000/\000m\000a\000i\000n\000/\000m\000a\000i\000n\000.\000c\000p\000p\000\040\000F\000i\000l\000e\000\040\000R\000e\000f\000e\000r\000e\000n\000c\000e}{chapter.6}% 144
\BOOKMARK [2][-]{subsection.6.18.1}{\376\377\0006\000.\0001\0008\000.\0001\000\040\000D\000e\000t\000a\000i\000l\000e\000d\000\040\000D\000e\000s\000c\000r\000i\000p\000t\000i\000o\000n}{section.6.18}% 145
\BOOKMARK [1][-]{section.6.19}{\376\377\0006\000.\0001\0009\000\040\000/\000h\000o\000m\000e\000/\000m\000a\000l\000e\000k\000/\000p\000r\000o\000j\000e\000c\000t\000s\000/\000C\000-\000C\000p\000p\000/\000Q\000t\000/\000r\000e\000p\000o\000s\000/\000q\000a\000m\000i\000n\000g\000f\000r\000a\000m\000e\000w\000o\000r\000k\000/\000Q\000a\000m\000i\000n\000g\000F\000r\000a\000m\000e\000w\000o\000r\000k\000/\000m\000a\000i\000n\000/\000m\000a\000i\000n\000w\000i\000n\000d\000o\000w\000.\000h\000\040\000F\000i\000l\000e\000\040\000R\000e\000f\000e\000r\000e\000n\000c\000e}{chapter.6}% 146
\BOOKMARK [2][-]{subsection.6.19.1}{\376\377\0006\000.\0001\0009\000.\0001\000\040\000D\000e\000t\000a\000i\000l\000e\000d\000\040\000D\000e\000s\000c\000r\000i\000p\000t\000i\000o\000n}{section.6.19}% 147
\BOOKMARK [1][-]{section.6.20}{\376\377\0006\000.\0002\0000\000\040\000/\000h\000o\000m\000e\000/\000m\000a\000l\000e\000k\000/\000p\000r\000o\000j\000e\000c\000t\000s\000/\000C\000-\000C\000p\000p\000/\000Q\000t\000/\000r\000e\000p\000o\000s\000/\000q\000a\000m\000i\000n\000g\000f\000r\000a\000m\000e\000w\000o\000r\000k\000/\000Q\000a\000m\000i\000n\000g\000F\000r\000a\000m\000e\000w\000o\000r\000k\000/\000R\000e\000v\000e\000r\000s\000i\000/\000r\000e\000v\000e\000r\000s\000i\000p\000l\000a\000y\000e\000r\000w\000i\000d\000g\000e\000t\000.\000c\000p\000p\000\040\000F\000i\000l\000e\000\040\000R\000e\000f\000e\000r\000e\000n\000c\000e}{chapter.6}% 148
\BOOKMARK [2][-]{subsection.6.20.1}{\376\377\0006\000.\0002\0000\000.\0001\000\040\000D\000e\000t\000a\000i\000l\000e\000d\000\040\000D\000e\000s\000c\000r\000i\000p\000t\000i\000o\000n}{section.6.20}% 149
\BOOKMARK [1][-]{section.6.21}{\376\377\0006\000.\0002\0001\000\040\000/\000h\000o\000m\000e\000/\000m\000a\000l\000e\000k\000/\000p\000r\000o\000j\000e\000c\000t\000s\000/\000C\000-\000C\000p\000p\000/\000Q\000t\000/\000r\000e\000p\000o\000s\000/\000q\000a\000m\000i\000n\000g\000f\000r\000a\000m\000e\000w\000o\000r\000k\000/\000Q\000a\000m\000i\000n\000g\000F\000r\000a\000m\000e\000w\000o\000r\000k\000/\000R\000e\000v\000e\000r\000s\000i\000/\000r\000e\000v\000e\000r\000s\000i\000p\000l\000a\000y\000e\000r\000w\000i\000d\000g\000e\000t\000.\000h\000\040\000F\000i\000l\000e\000\040\000R\000e\000f\000e\000r\000e\000n\000c\000e}{chapter.6}% 150
\BOOKMARK [2][-]{subsection.6.21.1}{\376\377\0006\000.\0002\0001\000.\0001\000\040\000D\000e\000t\000a\000i\000l\000e\000d\000\040\000D\000e\000s\000c\000r\000i\000p\000t\000i\000o\000n}{section.6.21}% 151
\BOOKMARK [1][-]{section.6.22}{\376\377\0006\000.\0002\0002\000\040\000/\000h\000o\000m\000e\000/\000m\000a\000l\000e\000k\000/\000p\000r\000o\000j\000e\000c\000t\000s\000/\000C\000-\000C\000p\000p\000/\000Q\000t\000/\000r\000e\000p\000o\000s\000/\000q\000a\000m\000i\000n\000g\000f\000r\000a\000m\000e\000w\000o\000r\000k\000/\000Q\000a\000m\000i\000n\000g\000F\000r\000a\000m\000e\000w\000o\000r\000k\000/\000R\000e\000v\000e\000r\000s\000i\000/\000r\000e\000v\000e\000r\000s\000i\000r\000u\000n\000.\000c\000p\000p\000\040\000F\000i\000l\000e\000\040\000R\000e\000f\000e\000r\000e\000n\000c\000e}{chapter.6}% 152
\BOOKMARK [2][-]{subsection.6.22.1}{\376\377\0006\000.\0002\0002\000.\0001\000\040\000D\000e\000t\000a\000i\000l\000e\000d\000\040\000D\000e\000s\000c\000r\000i\000p\000t\000i\000o\000n}{section.6.22}% 153
\BOOKMARK [1][-]{section.6.23}{\376\377\0006\000.\0002\0003\000\040\000/\000h\000o\000m\000e\000/\000m\000a\000l\000e\000k\000/\000p\000r\000o\000j\000e\000c\000t\000s\000/\000C\000-\000C\000p\000p\000/\000Q\000t\000/\000r\000e\000p\000o\000s\000/\000q\000a\000m\000i\000n\000g\000f\000r\000a\000m\000e\000w\000o\000r\000k\000/\000Q\000a\000m\000i\000n\000g\000F\000r\000a\000m\000e\000w\000o\000r\000k\000/\000R\000e\000v\000e\000r\000s\000i\000/\000r\000e\000v\000e\000r\000s\000i\000r\000u\000n\000.\000h\000\040\000F\000i\000l\000e\000\040\000R\000e\000f\000e\000r\000e\000n\000c\000e}{chapter.6}% 154
\BOOKMARK [2][-]{subsection.6.23.1}{\376\377\0006\000.\0002\0003\000.\0001\000\040\000D\000e\000t\000a\000i\000l\000e\000d\000\040\000D\000e\000s\000c\000r\000i\000p\000t\000i\000o\000n}{section.6.23}% 155
\BOOKMARK [1][-]{section.6.24}{\376\377\0006\000.\0002\0004\000\040\000/\000h\000o\000m\000e\000/\000m\000a\000l\000e\000k\000/\000p\000r\000o\000j\000e\000c\000t\000s\000/\000C\000-\000C\000p\000p\000/\000Q\000t\000/\000r\000e\000p\000o\000s\000/\000q\000a\000m\000i\000n\000g\000f\000r\000a\000m\000e\000w\000o\000r\000k\000/\000Q\000a\000m\000i\000n\000g\000F\000r\000a\000m\000e\000w\000o\000r\000k\000/\000R\000e\000v\000e\000r\000s\000i\000/\000r\000e\000v\000e\000r\000s\000i\000s\000c\000e\000n\000e\000.\000c\000p\000p\000\040\000F\000i\000l\000e\000\040\000R\000e\000f\000e\000r\000e\000n\000c\000e}{chapter.6}% 156
\BOOKMARK [2][-]{subsection.6.24.1}{\376\377\0006\000.\0002\0004\000.\0001\000\040\000D\000e\000t\000a\000i\000l\000e\000d\000\040\000D\000e\000s\000c\000r\000i\000p\000t\000i\000o\000n}{section.6.24}% 157
\BOOKMARK [1][-]{section.6.25}{\376\377\0006\000.\0002\0005\000\040\000/\000h\000o\000m\000e\000/\000m\000a\000l\000e\000k\000/\000p\000r\000o\000j\000e\000c\000t\000s\000/\000C\000-\000C\000p\000p\000/\000Q\000t\000/\000r\000e\000p\000o\000s\000/\000q\000a\000m\000i\000n\000g\000f\000r\000a\000m\000e\000w\000o\000r\000k\000/\000Q\000a\000m\000i\000n\000g\000F\000r\000a\000m\000e\000w\000o\000r\000k\000/\000R\000e\000v\000e\000r\000s\000i\000/\000r\000e\000v\000e\000r\000s\000i\000s\000c\000e\000n\000e\000.\000h\000\040\000F\000i\000l\000e\000\040\000R\000e\000f\000e\000r\000e\000n\000c\000e}{chapter.6}% 158
\BOOKMARK [2][-]{subsection.6.25.1}{\376\377\0006\000.\0002\0005\000.\0001\000\040\000D\000e\000t\000a\000i\000l\000e\000d\000\040\000D\000e\000s\000c\000r\000i\000p\000t\000i\000o\000n}{section.6.25}% 159
\BOOKMARK [1][-]{section.6.26}{\376\377\0006\000.\0002\0006\000\040\000/\000h\000o\000m\000e\000/\000m\000a\000l\000e\000k\000/\000p\000r\000o\000j\000e\000c\000t\000s\000/\000C\000-\000C\000p\000p\000/\000Q\000t\000/\000r\000e\000p\000o\000s\000/\000q\000a\000m\000i\000n\000g\000f\000r\000a\000m\000e\000w\000o\000r\000k\000/\000Q\000a\000m\000i\000n\000g\000F\000r\000a\000m\000e\000w\000o\000r\000k\000/\000R\000e\000v\000e\000r\000s\000i\000/\000r\000e\000v\000e\000r\000s\000i\000s\000t\000a\000t\000s\000w\000i\000d\000g\000e\000t\000.\000c\000p\000p\000\040\000F\000i\000l\000e\000\040\000R\000e\000f\000e\000r\000e\000n\000c\000e}{chapter.6}% 160
\BOOKMARK [2][-]{subsection.6.26.1}{\376\377\0006\000.\0002\0006\000.\0001\000\040\000D\000e\000t\000a\000i\000l\000e\000d\000\040\000D\000e\000s\000c\000r\000i\000p\000t\000i\000o\000n}{section.6.26}% 161
\BOOKMARK [1][-]{section.6.27}{\376\377\0006\000.\0002\0007\000\040\000/\000h\000o\000m\000e\000/\000m\000a\000l\000e\000k\000/\000p\000r\000o\000j\000e\000c\000t\000s\000/\000C\000-\000C\000p\000p\000/\000Q\000t\000/\000r\000e\000p\000o\000s\000/\000q\000a\000m\000i\000n\000g\000f\000r\000a\000m\000e\000w\000o\000r\000k\000/\000Q\000a\000m\000i\000n\000g\000F\000r\000a\000m\000e\000w\000o\000r\000k\000/\000R\000e\000v\000e\000r\000s\000i\000/\000r\000e\000v\000e\000r\000s\000i\000s\000t\000a\000t\000s\000w\000i\000d\000g\000e\000t\000.\000h\000\040\000F\000i\000l\000e\000\040\000R\000e\000f\000e\000r\000e\000n\000c\000e}{chapter.6}% 162
\BOOKMARK [2][-]{subsection.6.27.1}{\376\377\0006\000.\0002\0007\000.\0001\000\040\000D\000e\000t\000a\000i\000l\000e\000d\000\040\000D\000e\000s\000c\000r\000i\000p\000t\000i\000o\000n}{section.6.27}% 163
\BOOKMARK [1][-]{section.6.28}{\376\377\0006\000.\0002\0008\000\040\000/\000h\000o\000m\000e\000/\000m\000a\000l\000e\000k\000/\000p\000r\000o\000j\000e\000c\000t\000s\000/\000C\000-\000C\000p\000p\000/\000Q\000t\000/\000r\000e\000p\000o\000s\000/\000q\000a\000m\000i\000n\000g\000f\000r\000a\000m\000e\000w\000o\000r\000k\000/\000Q\000a\000m\000i\000n\000g\000F\000r\000a\000m\000e\000w\000o\000r\000k\000/\000R\000e\000v\000e\000r\000s\000i\000/\000r\000e\000v\000e\000r\000s\000i\000v\000i\000e\000w\000.\000c\000p\000p\000\040\000F\000i\000l\000e\000\040\000R\000e\000f\000e\000r\000e\000n\000c\000e}{chapter.6}% 164
\BOOKMARK [2][-]{subsection.6.28.1}{\376\377\0006\000.\0002\0008\000.\0001\000\040\000D\000e\000t\000a\000i\000l\000e\000d\000\040\000D\000e\000s\000c\000r\000i\000p\000t\000i\000o\000n}{section.6.28}% 165
\BOOKMARK [1][-]{section.6.29}{\376\377\0006\000.\0002\0009\000\040\000/\000h\000o\000m\000e\000/\000m\000a\000l\000e\000k\000/\000p\000r\000o\000j\000e\000c\000t\000s\000/\000C\000-\000C\000p\000p\000/\000Q\000t\000/\000r\000e\000p\000o\000s\000/\000q\000a\000m\000i\000n\000g\000f\000r\000a\000m\000e\000w\000o\000r\000k\000/\000Q\000a\000m\000i\000n\000g\000F\000r\000a\000m\000e\000w\000o\000r\000k\000/\000R\000e\000v\000e\000r\000s\000i\000/\000r\000e\000v\000e\000r\000s\000i\000v\000i\000e\000w\000.\000h\000\040\000F\000i\000l\000e\000\040\000R\000e\000f\000e\000r\000e\000n\000c\000e}{chapter.6}% 166
\BOOKMARK [2][-]{subsection.6.29.1}{\376\377\0006\000.\0002\0009\000.\0001\000\040\000D\000e\000t\000a\000i\000l\000e\000d\000\040\000D\000e\000s\000c\000r\000i\000p\000t\000i\000o\000n}{section.6.29}% 167
\BOOKMARK [1][-]{section.6.30}{\376\377\0006\000.\0003\0000\000\040\000/\000h\000o\000m\000e\000/\000m\000a\000l\000e\000k\000/\000p\000r\000o\000j\000e\000c\000t\000s\000/\000C\000-\000C\000p\000p\000/\000Q\000t\000/\000r\000e\000p\000o\000s\000/\000q\000a\000m\000i\000n\000g\000f\000r\000a\000m\000e\000w\000o\000r\000k\000/\000Q\000a\000m\000i\000n\000g\000F\000r\000a\000m\000e\000w\000o\000r\000k\000/\000R\000e\000v\000e\000r\000s\000i\000/\000r\000e\000v\000e\000r\000s\000i\000w\000i\000n\000d\000o\000w\000.\000c\000p\000p\000\040\000F\000i\000l\000e\000\040\000R\000e\000f\000e\000r\000e\000n\000c\000e}{chapter.6}% 168
\BOOKMARK [2][-]{subsection.6.30.1}{\376\377\0006\000.\0003\0000\000.\0001\000\040\000D\000e\000t\000a\000i\000l\000e\000d\000\040\000D\000e\000s\000c\000r\000i\000p\000t\000i\000o\000n}{section.6.30}% 169
\BOOKMARK [1][-]{section.6.31}{\376\377\0006\000.\0003\0001\000\040\000/\000h\000o\000m\000e\000/\000m\000a\000l\000e\000k\000/\000p\000r\000o\000j\000e\000c\000t\000s\000/\000C\000-\000C\000p\000p\000/\000Q\000t\000/\000r\000e\000p\000o\000s\000/\000q\000a\000m\000i\000n\000g\000f\000r\000a\000m\000e\000w\000o\000r\000k\000/\000Q\000a\000m\000i\000n\000g\000F\000r\000a\000m\000e\000w\000o\000r\000k\000/\000R\000e\000v\000e\000r\000s\000i\000/\000s\000t\000o\000n\000e\000.\000c\000p\000p\000\040\000F\000i\000l\000e\000\040\000R\000e\000f\000e\000r\000e\000n\000c\000e}{chapter.6}% 170
\BOOKMARK [2][-]{subsection.6.31.1}{\376\377\0006\000.\0003\0001\000.\0001\000\040\000D\000e\000t\000a\000i\000l\000e\000d\000\040\000D\000e\000s\000c\000r\000i\000p\000t\000i\000o\000n}{section.6.31}% 171
\BOOKMARK [1][-]{section.6.32}{\376\377\0006\000.\0003\0002\000\040\000/\000h\000o\000m\000e\000/\000m\000a\000l\000e\000k\000/\000p\000r\000o\000j\000e\000c\000t\000s\000/\000C\000-\000C\000p\000p\000/\000Q\000t\000/\000r\000e\000p\000o\000s\000/\000q\000a\000m\000i\000n\000g\000f\000r\000a\000m\000e\000w\000o\000r\000k\000/\000Q\000a\000m\000i\000n\000g\000F\000r\000a\000m\000e\000w\000o\000r\000k\000/\000s\000h\000a\000r\000e\000d\000/\000b\000a\000s\000e\000r\000u\000n\000.\000c\000p\000p\000\040\000F\000i\000l\000e\000\040\000R\000e\000f\000e\000r\000e\000n\000c\000e}{chapter.6}% 172
\BOOKMARK [2][-]{subsection.6.32.1}{\376\377\0006\000.\0003\0002\000.\0001\000\040\000D\000e\000t\000a\000i\000l\000e\000d\000\040\000D\000e\000s\000c\000r\000i\000p\000t\000i\000o\000n}{section.6.32}% 173
\BOOKMARK [1][-]{section.6.33}{\376\377\0006\000.\0003\0003\000\040\000/\000h\000o\000m\000e\000/\000m\000a\000l\000e\000k\000/\000p\000r\000o\000j\000e\000c\000t\000s\000/\000C\000-\000C\000p\000p\000/\000Q\000t\000/\000r\000e\000p\000o\000s\000/\000q\000a\000m\000i\000n\000g\000f\000r\000a\000m\000e\000w\000o\000r\000k\000/\000Q\000a\000m\000i\000n\000g\000F\000r\000a\000m\000e\000w\000o\000r\000k\000/\000s\000h\000a\000r\000e\000d\000/\000b\000a\000s\000e\000r\000u\000n\000.\000h\000\040\000F\000i\000l\000e\000\040\000R\000e\000f\000e\000r\000e\000n\000c\000e}{chapter.6}% 174
\BOOKMARK [2][-]{subsection.6.33.1}{\376\377\0006\000.\0003\0003\000.\0001\000\040\000D\000e\000t\000a\000i\000l\000e\000d\000\040\000D\000e\000s\000c\000r\000i\000p\000t\000i\000o\000n}{section.6.33}% 175
\BOOKMARK [1][-]{section.6.34}{\376\377\0006\000.\0003\0004\000\040\000/\000h\000o\000m\000e\000/\000m\000a\000l\000e\000k\000/\000p\000r\000o\000j\000e\000c\000t\000s\000/\000C\000-\000C\000p\000p\000/\000Q\000t\000/\000r\000e\000p\000o\000s\000/\000q\000a\000m\000i\000n\000g\000f\000r\000a\000m\000e\000w\000o\000r\000k\000/\000Q\000a\000m\000i\000n\000g\000F\000r\000a\000m\000e\000w\000o\000r\000k\000/\000s\000h\000a\000r\000e\000d\000/\000g\000a\000m\000e\000p\000r\000o\000f\000i\000l\000e\000.\000c\000p\000p\000\040\000F\000i\000l\000e\000\040\000R\000e\000f\000e\000r\000e\000n\000c\000e}{chapter.6}% 176
\BOOKMARK [2][-]{subsection.6.34.1}{\376\377\0006\000.\0003\0004\000.\0001\000\040\000D\000e\000t\000a\000i\000l\000e\000d\000\040\000D\000e\000s\000c\000r\000i\000p\000t\000i\000o\000n}{section.6.34}% 177
\BOOKMARK [1][-]{section.6.35}{\376\377\0006\000.\0003\0005\000\040\000/\000h\000o\000m\000e\000/\000m\000a\000l\000e\000k\000/\000p\000r\000o\000j\000e\000c\000t\000s\000/\000C\000-\000C\000p\000p\000/\000Q\000t\000/\000r\000e\000p\000o\000s\000/\000q\000a\000m\000i\000n\000g\000f\000r\000a\000m\000e\000w\000o\000r\000k\000/\000Q\000a\000m\000i\000n\000g\000F\000r\000a\000m\000e\000w\000o\000r\000k\000/\000s\000h\000a\000r\000e\000d\000/\000g\000a\000m\000e\000p\000r\000o\000f\000i\000l\000e\000.\000h\000\040\000F\000i\000l\000e\000\040\000R\000e\000f\000e\000r\000e\000n\000c\000e}{chapter.6}% 178
\BOOKMARK [2][-]{subsection.6.35.1}{\376\377\0006\000.\0003\0005\000.\0001\000\040\000D\000e\000t\000a\000i\000l\000e\000d\000\040\000D\000e\000s\000c\000r\000i\000p\000t\000i\000o\000n}{section.6.35}% 179
\BOOKMARK [1][-]{section.6.36}{\376\377\0006\000.\0003\0006\000\040\000/\000h\000o\000m\000e\000/\000m\000a\000l\000e\000k\000/\000p\000r\000o\000j\000e\000c\000t\000s\000/\000C\000-\000C\000p\000p\000/\000Q\000t\000/\000r\000e\000p\000o\000s\000/\000q\000a\000m\000i\000n\000g\000f\000r\000a\000m\000e\000w\000o\000r\000k\000/\000Q\000a\000m\000i\000n\000g\000F\000r\000a\000m\000e\000w\000o\000r\000k\000/\000s\000h\000a\000r\000e\000d\000/\000g\000a\000m\000e\000w\000i\000n\000d\000o\000w\000.\000c\000p\000p\000\040\000F\000i\000l\000e\000\040\000R\000e\000f\000e\000r\000e\000n\000c\000e}{chapter.6}% 180
\BOOKMARK [2][-]{subsection.6.36.1}{\376\377\0006\000.\0003\0006\000.\0001\000\040\000D\000e\000t\000a\000i\000l\000e\000d\000\040\000D\000e\000s\000c\000r\000i\000p\000t\000i\000o\000n}{section.6.36}% 181
\BOOKMARK [1][-]{section.6.37}{\376\377\0006\000.\0003\0007\000\040\000/\000h\000o\000m\000e\000/\000m\000a\000l\000e\000k\000/\000p\000r\000o\000j\000e\000c\000t\000s\000/\000C\000-\000C\000p\000p\000/\000Q\000t\000/\000r\000e\000p\000o\000s\000/\000q\000a\000m\000i\000n\000g\000f\000r\000a\000m\000e\000w\000o\000r\000k\000/\000Q\000a\000m\000i\000n\000g\000F\000r\000a\000m\000e\000w\000o\000r\000k\000/\000s\000h\000a\000r\000e\000d\000/\000g\000a\000m\000e\000w\000i\000n\000d\000o\000w\000.\000h\000\040\000F\000i\000l\000e\000\040\000R\000e\000f\000e\000r\000e\000n\000c\000e}{chapter.6}% 182
\BOOKMARK [2][-]{subsection.6.37.1}{\376\377\0006\000.\0003\0007\000.\0001\000\040\000D\000e\000t\000a\000i\000l\000e\000d\000\040\000D\000e\000s\000c\000r\000i\000p\000t\000i\000o\000n}{section.6.37}% 183
\BOOKMARK [1][-]{section.6.38}{\376\377\0006\000.\0003\0008\000\040\000/\000h\000o\000m\000e\000/\000m\000a\000l\000e\000k\000/\000p\000r\000o\000j\000e\000c\000t\000s\000/\000C\000-\000C\000p\000p\000/\000Q\000t\000/\000r\000e\000p\000o\000s\000/\000q\000a\000m\000i\000n\000g\000f\000r\000a\000m\000e\000w\000o\000r\000k\000/\000Q\000a\000m\000i\000n\000g\000F\000r\000a\000m\000e\000w\000o\000r\000k\000/\000s\000h\000a\000r\000e\000d\000/\000l\000e\000a\000d\000e\000r\000b\000o\000a\000r\000d\000.\000c\000p\000p\000\040\000F\000i\000l\000e\000\040\000R\000e\000f\000e\000r\000e\000n\000c\000e}{chapter.6}% 184
\BOOKMARK [2][-]{subsection.6.38.1}{\376\377\0006\000.\0003\0008\000.\0001\000\040\000D\000e\000t\000a\000i\000l\000e\000d\000\040\000D\000e\000s\000c\000r\000i\000p\000t\000i\000o\000n}{section.6.38}% 185
\BOOKMARK [1][-]{section.6.39}{\376\377\0006\000.\0003\0009\000\040\000/\000h\000o\000m\000e\000/\000m\000a\000l\000e\000k\000/\000p\000r\000o\000j\000e\000c\000t\000s\000/\000C\000-\000C\000p\000p\000/\000Q\000t\000/\000r\000e\000p\000o\000s\000/\000q\000a\000m\000i\000n\000g\000f\000r\000a\000m\000e\000w\000o\000r\000k\000/\000Q\000a\000m\000i\000n\000g\000F\000r\000a\000m\000e\000w\000o\000r\000k\000/\000s\000h\000a\000r\000e\000d\000/\000l\000e\000a\000d\000e\000r\000b\000o\000a\000r\000d\000.\000h\000\040\000F\000i\000l\000e\000\040\000R\000e\000f\000e\000r\000e\000n\000c\000e}{chapter.6}% 186
\BOOKMARK [2][-]{subsection.6.39.1}{\376\377\0006\000.\0003\0009\000.\0001\000\040\000D\000e\000t\000a\000i\000l\000e\000d\000\040\000D\000e\000s\000c\000r\000i\000p\000t\000i\000o\000n}{section.6.39}% 187
\BOOKMARK [1][-]{section.6.40}{\376\377\0006\000.\0004\0000\000\040\000/\000h\000o\000m\000e\000/\000m\000a\000l\000e\000k\000/\000p\000r\000o\000j\000e\000c\000t\000s\000/\000C\000-\000C\000p\000p\000/\000Q\000t\000/\000r\000e\000p\000o\000s\000/\000q\000a\000m\000i\000n\000g\000f\000r\000a\000m\000e\000w\000o\000r\000k\000/\000Q\000a\000m\000i\000n\000g\000F\000r\000a\000m\000e\000w\000o\000r\000k\000/\000U\000t\000i\000l\000s\000/\000j\000s\000o\000n\000i\000o\000.\000c\000p\000p\000\040\000F\000i\000l\000e\000\040\000R\000e\000f\000e\000r\000e\000n\000c\000e}{chapter.6}% 188
\BOOKMARK [2][-]{subsection.6.40.1}{\376\377\0006\000.\0004\0000\000.\0001\000\040\000D\000e\000t\000a\000i\000l\000e\000d\000\040\000D\000e\000s\000c\000r\000i\000p\000t\000i\000o\000n}{section.6.40}% 189
\BOOKMARK [1][-]{section.6.41}{\376\377\0006\000.\0004\0001\000\040\000/\000h\000o\000m\000e\000/\000m\000a\000l\000e\000k\000/\000p\000r\000o\000j\000e\000c\000t\000s\000/\000C\000-\000C\000p\000p\000/\000Q\000t\000/\000r\000e\000p\000o\000s\000/\000q\000a\000m\000i\000n\000g\000f\000r\000a\000m\000e\000w\000o\000r\000k\000/\000Q\000a\000m\000i\000n\000g\000F\000r\000a\000m\000e\000w\000o\000r\000k\000/\000U\000t\000i\000l\000s\000/\000j\000s\000o\000n\000i\000o\000.\000h\000\040\000F\000i\000l\000e\000\040\000R\000e\000f\000e\000r\000e\000n\000c\000e}{chapter.6}% 190
\BOOKMARK [2][-]{subsection.6.41.1}{\376\377\0006\000.\0004\0001\000.\0001\000\040\000D\000e\000t\000a\000i\000l\000e\000d\000\040\000D\000e\000s\000c\000r\000i\000p\000t\000i\000o\000n}{section.6.41}% 191
\BOOKMARK [1][-]{section.6.42}{\376\377\0006\000.\0004\0002\000\040\000/\000h\000o\000m\000e\000/\000m\000a\000l\000e\000k\000/\000p\000r\000o\000j\000e\000c\000t\000s\000/\000C\000-\000C\000p\000p\000/\000Q\000t\000/\000r\000e\000p\000o\000s\000/\000q\000a\000m\000i\000n\000g\000f\000r\000a\000m\000e\000w\000o\000r\000k\000/\000Q\000a\000m\000i\000n\000g\000F\000r\000a\000m\000e\000w\000o\000r\000k\000/\000U\000t\000i\000l\000s\000/\000U\000t\000i\000l\000s\000.\000c\000p\000p\000\040\000F\000i\000l\000e\000\040\000R\000e\000f\000e\000r\000e\000n\000c\000e}{chapter.6}% 192
\BOOKMARK [2][-]{subsection.6.42.1}{\376\377\0006\000.\0004\0002\000.\0001\000\040\000D\000e\000t\000a\000i\000l\000e\000d\000\040\000D\000e\000s\000c\000r\000i\000p\000t\000i\000o\000n}{section.6.42}% 193
\BOOKMARK [1][-]{section.6.43}{\376\377\0006\000.\0004\0003\000\040\000/\000h\000o\000m\000e\000/\000m\000a\000l\000e\000k\000/\000p\000r\000o\000j\000e\000c\000t\000s\000/\000C\000-\000C\000p\000p\000/\000Q\000t\000/\000r\000e\000p\000o\000s\000/\000q\000a\000m\000i\000n\000g\000f\000r\000a\000m\000e\000w\000o\000r\000k\000/\000Q\000a\000m\000i\000n\000g\000F\000r\000a\000m\000e\000w\000o\000r\000k\000/\000U\000t\000i\000l\000s\000/\000U\000t\000i\000l\000s\000.\000h\000\040\000F\000i\000l\000e\000\040\000R\000e\000f\000e\000r\000e\000n\000c\000e}{chapter.6}% 194
\BOOKMARK [2][-]{subsection.6.43.1}{\376\377\0006\000.\0004\0003\000.\0001\000\040\000D\000e\000t\000a\000i\000l\000e\000d\000\040\000D\000e\000s\000c\000r\000i\000p\000t\000i\000o\000n}{section.6.43}% 195
